Unity Editor version:    2020.3.25f1 (9b9180224418)
Branch:                  2020.3/staging
Build type:              Release
Batch mode:              YES
macOS version:           Version 11.6.1 (Build 20G224)
Darwin version:          20.6.0
Architecture:            x86_64
Running under Rosetta:   NO
Available memory:        8192 MB
Using pre-set license
Pro License: NO

COMMAND LINE ARGUMENTS:
/Applications/Unity/Hub/Editor/2020.3.25f1/Unity.app/Contents/MacOS/Unity
-adb2
-batchMode
-noUpm
-name
AssetImportWorker0
-projectPath
/Users/libaihan/Desktop/b10702015/unity/2D shotting game
-logFile
Logs/AssetImportWorker0.log
-srvPort
54157
Successfully changed project path to: /Users/libaihan/Desktop/b10702015/unity/2D shotting game
/Users/libaihan/Desktop/b10702015/unity/2D shotting game
Using Asset Import Pipeline V2.
Refreshing native plugins compatible for Editor in 62.66 ms, found 2 plugins.
Preloading 0 native plugins for Editor in 0.00 ms.
Initialize engine version: 2020.3.25f1 (9b9180224418)
[Subsystems] Discovering subsystems at path /Applications/Unity/Hub/Editor/2020.3.25f1/Unity.app/Contents/Resources/UnitySubsystems
[Subsystems] Discovering subsystems at path /Users/libaihan/Desktop/b10702015/unity/2D shotting game/Assets
GfxDevice: creating device client; threaded=0
2021-12-30 12:18:20.480 Unity[13543:605126] Color LCD preferred device: Intel(R) Iris(TM) Plus Graphics 645 (low power)
2021-12-30 12:18:20.480 Unity[13543:605126] Metal devices available: 1
2021-12-30 12:18:20.480 Unity[13543:605126] 0: Intel(R) Iris(TM) Plus Graphics 645 (low power)
2021-12-30 12:18:20.485 Unity[13543:605126] Using device Intel(R) Iris(TM) Plus Graphics 645 (low power)
Initializing Metal device caps: Intel(R) Iris(TM) Plus Graphics 645
Initialize mono
Mono path[0] = '/Applications/Unity/Hub/Editor/2020.3.25f1/Unity.app/Contents/Managed'
Mono path[1] = '/Applications/Unity/Hub/Editor/2020.3.25f1/Unity.app/Contents/MonoBleedingEdge/lib/mono/unityjit'
Mono config path = '/Applications/Unity/Hub/Editor/2020.3.25f1/Unity.app/Contents/MonoBleedingEdge/etc'
Using monoOptions --debugger-agent=transport=dt_socket,embedding=1,server=y,suspend=n,address=127.0.0.1:56543
Begin MonoManager ReloadAssembly
Registering precompiled unity dll's ...
Register platform support module: /Applications/Unity/Hub/Editor/2020.3.25f1/Unity.app/Contents/PlaybackEngines/MacStandaloneSupport/UnityEditor.OSXStandalone.Extensions.dll
Registered in 0.001696 seconds.
Native extension for OSXStandalone target not found
Refreshing native plugins compatible for Editor in 49.41 ms, found 2 plugins.
Preloading 0 native plugins for Editor in 0.00 ms.
Mono: successfully reloaded assembly
- Completed reload, in  0.876 seconds
Domain Reload Profiling:
	ReloadAssembly (876ms)
		BeginReloadAssembly (59ms)
			ExecutionOrderSort (0ms)
			DisableScriptedObjects (0ms)
			BackupInstance (0ms)
			ReleaseScriptingObjects (0ms)
			CreateAndSetChildDomain (1ms)
		EndReloadAssembly (706ms)
			LoadAssemblies (59ms)
			RebuildTransferFunctionScriptingTraits (0ms)
			SetupTypeCache (294ms)
			ReleaseScriptCaches (0ms)
			RebuildScriptCaches (53ms)
			SetupLoadedEditorAssemblies (237ms)
				LogAssemblyErrors (0ms)
				InitializePlatformSupportModulesInManaged (5ms)
				SetLoadedEditorAssemblies (0ms)
				RefreshPlugins (49ms)
				BeforeProcessingInitializeOnLoad (10ms)
				ProcessInitializeOnLoadAttributes (132ms)
				ProcessInitializeOnLoadMethodAttributes (39ms)
				AfterProcessingInitializeOnLoad (0ms)
				EditorAssembliesLoaded (0ms)
			ExecutionOrderSort2 (0ms)
			AwakeInstancesAfterBackupRestoration (0ms)
Platform modules already initialized, skipping
Registering precompiled user dll's ...
Registered in 0.011800 seconds.
Begin MonoManager ReloadAssembly
Native extension for OSXStandalone target not found
Refreshing native plugins compatible for Editor in 0.97 ms, found 2 plugins.
Preloading 0 native plugins for Editor in 0.00 ms.
Mono: successfully reloaded assembly
- Completed reload, in  1.892 seconds
Domain Reload Profiling:
	ReloadAssembly (1893ms)
		BeginReloadAssembly (203ms)
			ExecutionOrderSort (0ms)
			DisableScriptedObjects (6ms)
			BackupInstance (0ms)
			ReleaseScriptingObjects (0ms)
			CreateAndSetChildDomain (37ms)
		EndReloadAssembly (1608ms)
			LoadAssemblies (133ms)
			RebuildTransferFunctionScriptingTraits (0ms)
			SetupTypeCache (546ms)
			ReleaseScriptCaches (1ms)
			RebuildScriptCaches (81ms)
			SetupLoadedEditorAssemblies (676ms)
				LogAssemblyErrors (0ms)
				InitializePlatformSupportModulesInManaged (6ms)
				SetLoadedEditorAssemblies (1ms)
				RefreshPlugins (1ms)
				BeforeProcessingInitializeOnLoad (136ms)
				ProcessInitializeOnLoadAttributes (465ms)
				ProcessInitializeOnLoadMethodAttributes (65ms)
				AfterProcessingInitializeOnLoad (2ms)
				EditorAssembliesLoaded (0ms)
			ExecutionOrderSort2 (0ms)
			AwakeInstancesAfterBackupRestoration (10ms)
Platform modules already initialized, skipping
Validating Project structure ... 0.000297 seconds.
Shader import version has changed; will reimport all shaders...
Upgrading shader files ...0.000304 seconds.
Application.AssetDatabase Initial Script Refresh Start
RefreshInfo: InitialScriptRefreshV2(NoUpdateAssetOptions) scanfilter:  ... 1 filters
RefreshProfiler: Total: 0.000ms
Application.AssetDatabase Initial Script Refresh End
Application.AssetDatabase.Refresh Start
Application.AssetDatabase.Refresh End
RefreshInfo: StopAssetImportingV2(ForceSynchronousImport) scanfilter: 
RefreshProfiler: Total: 0.000ms
Launching external process: /Applications/Unity/Hub/Editor/2020.3.25f1/Unity.app/Contents/Tools/UnityShaderCompiler
Launched and connected shader compiler UnityShaderCompiler after 0.02 seconds
Initializing Unity extensions:
[C# Project] Writing /Users/libaihan/Desktop/b10702015/unity/2D shotting game/2D shotting game.sln because it has changed
[C# Project] First difference on line 4

[C# Project] Current /Users/libaihan/Desktop/b10702015/unity/2D shotting game/2D shotting game.sln:
[C# Project]   004: Project("{FAE04EC0-301F-11D3-BF4B-00C04F79EFBC}") = "Assembly-CSharp", "Assembly-CSharp.csproj", "{19F5C81A-EDFE-FEFE-B509-82C99CC078D4}"
[C# Project]   005: EndProject
[C# Project]   006: Global
[C# Project]   007: 	GlobalSection(SolutionConfigurationPlatforms) = preSolution
[C# Project]   008: 		Debug|Any CPU = Debug|Any CPU

[C# Project] New /Users/libaihan/Desktop/b10702015/unity/2D shotting game/2D shotting game.sln:
[C# Project]   004: Project("{FAE04EC0-301F-11D3-BF4B-00C04F79EFBC}") = "UnityEngine.UI", "UnityEngine.UI.csproj", "{3A6B8E00-0663-7B74-0909-07777A5322C5}"
[C# Project]   005: EndProject
[C# Project]   006: Project("{FAE04EC0-301F-11D3-BF4B-00C04F79EFBC}") = "UnityEngine.TestRunner", "UnityEngine.TestRunner.csproj", "{D683E22C-51FD-BD4D-80D5-2C926584634F}"
[C# Project]   007: EndProject
[C# Project]   008: Project("{FAE04EC0-301F-11D3-BF4B-00C04F79EFBC}") = "UnityEngine.XR.LegacyInputHelpers", "UnityEngine.XR.LegacyInputHelpers.csproj", "{F229BE6F-1561-DDFF-FAD6-EF69A2645111}"
[C# Project] Writing /Users/libaihan/Desktop/b10702015/unity/2D shotting game/Assembly-CSharp.csproj because it has changed
[C# Project] First difference on line 27

[C# Project] Current /Users/libaihan/Desktop/b10702015/unity/2D shotting game/Assembly-CSharp.csproj:
[C# Project]   027:     <DefineConstants>DEBUG;TRACE;UNITY_2020_3_25;UNITY_2020_3;UNITY_2020;UNITY_5_3_OR_NEWER;UNITY_5_4_OR_NEWER;UNITY_5_5_OR_NEWER;UNITY_5_6_OR_NEWER;UNITY_2017_1_OR_NEWER;UNITY_2017_2_OR_NEWER;UNITY_2017_3_OR_NEWER;UNITY_2017_4_OR_NEWER;UNITY_2018_1_OR_NEWER;UNITY_2018_2_OR_NEWER;UNITY_2018_3_OR_NEWER;UNITY_2018_4_OR_NEWER;UNITY_2019_1_OR_NEWER;UNITY_2019_2_OR_NEWER;UNITY_2019_3_OR_NEWER;UNITY_2019_4_OR_NEWER;UNITY_2020_1_OR_NEWER;UNITY_2020_2_OR_NEWER;UNITY_2020_3_OR_NEWER;PLATFORM_ARCH_64;UNITY_64;UNITY_INCLUDE_TESTS;USE_SEARCH_ENGINE_API;SCENE_TEMPLATE_MODULE;ENABLE_AR;ENABLE_AUDIO;ENABLE_CACHING;ENABLE_CLOTH;ENABLE_MICROPHONE;ENABLE_MULTIPLE_DISPLAYS;ENABLE_PHYSICS;ENABLE_TEXTURE_STREAMING;ENABLE_VIRTUALTEXTURING;ENABLE_UNET;ENABLE_LZMA;ENABLE_UNITYEVENTS;ENABLE_VR;ENABLE_WEBCAM;ENABLE_UNITYWEBREQUEST;ENABLE_WWW;ENABLE_CLOUD_SERVICES;ENABLE_CLOUD_SERVICES_COLLAB;ENABLE_CLOUD_SERVICES_COLLAB_SOFTLOCKS;ENABLE_CLOUD_SERVICES_ADS;ENABLE_CLOUD_SERVICES_USE_WEBREQUEST;ENABLE_CLOUD_SERVICES_CRASH_REPORTING;ENABLE_CLOUD_SERVICES_NATIVE_CRASH_REPORTING;ENABLE_CLOUD_SERVICES_PURCHASING;ENABLE_CLOUD_SERVICES_ANALYTICS;ENABLE_CLOUD_SERVICES_UNET;ENABLE_CLOUD_SERVICES_BUILD;ENABLE_CLOUD_LICENSE;ENABLE_EDITOR_HUB_LICENSE;ENABLE_WEBSOCKET_CLIENT;ENABLE_DIRECTOR_AUDIO;ENABLE_DIRECTOR_TEXTURE;ENABLE_MANAGED_JOBS;ENABLE_MANAGED_TRANSFORM_JOBS;ENABLE_MANAGED_ANIMATION_JOBS;ENABLE_MANAGED_AUDIO_JOBS;ENABLE_MANAGED_UNITYTLS;INCLUDE_DYNAMIC_GI;ENABLE_MONO_BDWGC;ENABLE_SCRIPTING_GC_WBARRIERS;PLATFORM_SUPPORTS_MONO;RENDER_SOFTWARE_CURSOR;ENABLE_VIDEO;PLATFORM_STANDALONE;PLATFORM_STANDALONE_OSX;UNITY_STANDALONE_OSX;UNITY_STANDALONE;ENABLE_GAMECENTER;ENABLE_RUNTIME_GI;ENABLE_MOVIES;ENABLE_NETWORK;ENABLE_CRUNCH_TEXTURE_COMPRESSION;ENABLE_CLUSTER_SYNC;ENABLE_CLUSTERINPUT;ENABLE_SPATIALTRACKING;PLATFORM_UPDATES_TIME_OUTSIDE_OF_PLAYER_LOOP;ENABLE_WEBSOCKET_HOST;ENABLE_MONO;NET_STANDARD_2_0;ENABLE_PROFILER;UNITY_ASSERTIONS;UNITY_EDITOR;UNITY_EDITOR_64;UNITY_EDITOR_OSX;ENABLE_UNITY_COLLECTIONS_CHECKS;ENABLE_BURST_AOT;UNITY_TEAM_LICENSE;ENABLE_CUSTOM_RENDER_TEXTURE;ENABLE_DIRECTOR;ENABLE_LOCALIZATION;ENABLE_SPRITES;ENABLE_TERRAIN;ENABLE_TILEMAP;ENABLE_TIMELINE;ENABLE_LEGACY_INPUT_MANAGER;CSHARP_7_OR_LATER;CSHARP_7_3_OR_NEWER</DefineConstants>
[C# Project]   028:     <ErrorReport>prompt</ErrorReport>
[C# Project]   029:     <WarningLevel>4</WarningLevel>
[C# Project]   030:     <NoWarn>0169</NoWarn>
[C# Project]   031:     <AllowUnsafeBlocks>False</AllowUnsafeBlocks>

[C# Project] New /Users/libaihan/Desktop/b10702015/unity/2D shotting game/Assembly-CSharp.csproj:
[C# Project]   027:     <DefineConstants>DEBUG;TRACE;UNITY_2020_3_25;UNITY_2020_3;UNITY_2020;UNITY_5_3_OR_NEWER;UNITY_5_4_OR_NEWER;UNITY_5_5_OR_NEWER;UNITY_5_6_OR_NEWER;UNITY_2017_1_OR_NEWER;UNITY_2017_2_OR_NEWER;UNITY_2017_3_OR_NEWER;UNITY_2017_4_OR_NEWER;UNITY_2018_1_OR_NEWER;UNITY_2018_2_OR_NEWER;UNITY_2018_3_OR_NEWER;UNITY_2018_4_OR_NEWER;UNITY_2019_1_OR_NEWER;UNITY_2019_2_OR_NEWER;UNITY_2019_3_OR_NEWER;UNITY_2019_4_OR_NEWER;UNITY_2020_1_OR_NEWER;UNITY_2020_2_OR_NEWER;UNITY_2020_3_OR_NEWER;PLATFORM_ARCH_64;UNITY_64;UNITY_INCLUDE_TESTS;UNITY_ANALYTICS;USE_SEARCH_ENGINE_API;SCENE_TEMPLATE_MODULE;ENABLE_AR;ENABLE_AUDIO;ENABLE_CACHING;ENABLE_CLOTH;ENABLE_MICROPHONE;ENABLE_MULTIPLE_DISPLAYS;ENABLE_PHYSICS;ENABLE_TEXTURE_STREAMING;ENABLE_VIRTUALTEXTURING;ENABLE_UNET;ENABLE_LZMA;ENABLE_UNITYEVENTS;ENABLE_VR;ENABLE_WEBCAM;ENABLE_UNITYWEBREQUEST;ENABLE_WWW;ENABLE_CLOUD_SERVICES;ENABLE_CLOUD_SERVICES_COLLAB;ENABLE_CLOUD_SERVICES_COLLAB_SOFTLOCKS;ENABLE_CLOUD_SERVICES_ADS;ENABLE_CLOUD_SERVICES_USE_WEBREQUEST;ENABLE_CLOUD_SERVICES_CRASH_REPORTING;ENABLE_CLOUD_SERVICES_NATIVE_CRASH_REPORTING;ENABLE_CLOUD_SERVICES_PURCHASING;ENABLE_CLOUD_SERVICES_ANALYTICS;ENABLE_CLOUD_SERVICES_UNET;ENABLE_CLOUD_SERVICES_BUILD;ENABLE_CLOUD_LICENSE;ENABLE_EDITOR_HUB_LICENSE;ENABLE_WEBSOCKET_CLIENT;ENABLE_DIRECTOR_AUDIO;ENABLE_DIRECTOR_TEXTURE;ENABLE_MANAGED_JOBS;ENABLE_MANAGED_TRANSFORM_JOBS;ENABLE_MANAGED_ANIMATION_JOBS;ENABLE_MANAGED_AUDIO_JOBS;ENABLE_MANAGED_UNITYTLS;INCLUDE_DYNAMIC_GI;ENABLE_MONO_BDWGC;ENABLE_SCRIPTING_GC_WBARRIERS;PLATFORM_SUPPORTS_MONO;RENDER_SOFTWARE_CURSOR;ENABLE_VIDEO;PLATFORM_STANDALONE;PLATFORM_STANDALONE_OSX;UNITY_STANDALONE_OSX;UNITY_STANDALONE;ENABLE_GAMECENTER;ENABLE_RUNTIME_GI;ENABLE_MOVIES;ENABLE_NETWORK;ENABLE_CRUNCH_TEXTURE_COMPRESSION;ENABLE_CLUSTER_SYNC;ENABLE_CLUSTERINPUT;ENABLE_SPATIALTRACKING;PLATFORM_UPDATES_TIME_OUTSIDE_OF_PLAYER_LOOP;ENABLE_WEBSOCKET_HOST;ENABLE_MONO;NET_STANDARD_2_0;ENABLE_PROFILER;UNITY_ASSERTIONS;UNITY_EDITOR;UNITY_EDITOR_64;UNITY_EDITOR_OSX;ENABLE_UNITY_COLLECTIONS_CHECKS;ENABLE_BURST_AOT;UNITY_TEAM_LICENSE;ENABLE_CUSTOM_RENDER_TEXTURE;ENABLE_DIRECTOR;ENABLE_LOCALIZATION;ENABLE_SPRITES;ENABLE_TERRAIN;ENABLE_TILEMAP;ENABLE_TIMELINE;ENABLE_LEGACY_INPUT_MANAGER;CSHARP_7_OR_LATER;CSHARP_7_3_OR_NEWER</DefineConstants>
[C# Project]   028:     <ErrorReport>prompt</ErrorReport>
[C# Project]   029:     <WarningLevel>4</WarningLevel>
[C# Project]   030:     <NoWarn>0169</NoWarn>
[C# Project]   031:     <AllowUnsafeBlocks>False</AllowUnsafeBlocks>
========================================================================
Worker process is ready to serve import requests
Refreshing native plugins compatible for Editor in 0.69 ms, found 2 plugins.
Preloading 0 native plugins for Editor in 0.00 ms.
Unloading 2267 Unused Serialized files (Serialized files now loaded: 0)
System memory in use before: 188.2 MB.
System memory in use after: 187.4 MB.

Unloading 155 unused Assets to reduce memory usage. Loaded Objects now: 2705.
Total: 9.089542 ms (FindLiveObjects: 0.220189 ms CreateObjectMapping: 0.131871 ms MarkObjects: 7.675880 ms  DeleteObjects: 1.060324 ms)

AssetImportParameters requested are different than current active one (requested -> active):
  custom:video-decoder-ogg-theora: a1e56fd34408186e4bbccfd4996cb3dc -> 
  custom:container-muxer-webm: aa71ff27fc2769a1b78a27578f13a17b -> 
  custom:container-demuxer-webm: 4f35f7cbe854078d1ac9338744f61a02 -> 
  custom:container-demuxer-ogg: 62fdf1f143b41e24485cea50d1cbac27 -> 
  custom:video-encoder-webm-vp8: eb34c28f22e8b96e1ab97ce403110664 -> 
  custom:framework-osx-AVFoundation: e770b220cccbd017edd2c1fefb359320 -> 
  custom:video-decoder-webm-vp8: 9c59270c3fd7afecdb556c50c9e8de78 -> 
  custom:audio-decoder-ogg-vorbis: bf7c407c2cedff20999df2af8eb42d56 -> 
  custom:audio-encoder-webm-vorbis: bf7c407c2cedff20999df2af8eb42d56 -> 
========================================================================
Received Import Request.
  path: Assets/LaserObject.prefab
  artifactKey: Guid(c330c669caa83be43b59144f4f0b3ebd) Importer(815301076,1909f56bfc062723c751e8b465ee728b)
Start importing Assets/LaserObject.prefab using Guid(c330c669caa83be43b59144f4f0b3ebd) Importer(815301076,1909f56bfc062723c751e8b465ee728b)  -> (artifact id: '7ddfba6298cd42372a39c00a9daa66d5') in 1.348783 seconds 
  Import took 1.357224 seconds .

========================================================================
Received Import Request.
  Time since last request: 0.000255 seconds.
  path: Assets/Shot_02.mp3
  artifactKey: Guid(0b6c9c514023e524594a171a8f4bca92) Importer(815301076,1909f56bfc062723c751e8b465ee728b)
Start importing Assets/Shot_02.mp3 using Guid(0b6c9c514023e524594a171a8f4bca92) Importer(815301076,1909f56bfc062723c751e8b465ee728b)  -> (artifact id: 'fd66472afbc2147375e6a40afa1ac82d') in 1.473010 seconds 
  Import took 1.481397 seconds .

========================================================================
Received Import Request.
  Time since last request: 0.000309 seconds.
  path: Assets/background.png
  artifactKey: Guid(b4550be10a4a7d1479edb700a4b7321d) Importer(815301076,1909f56bfc062723c751e8b465ee728b)
Start importing Assets/background.png using Guid(b4550be10a4a7d1479edb700a4b7321d) Importer(815301076,1909f56bfc062723c751e8b465ee728b)  -> (artifact id: '955a019e7b34aa9525f6f5cff342e1e2') in 1.178769 seconds 
  Import took 1.187827 seconds .

========================================================================
Received Import Request.
  Time since last request: 0.000262 seconds.
  path: Assets/bossObject.prefab
  artifactKey: Guid(b66380b851e800a4b8f56484db350c7a) Importer(815301076,1909f56bfc062723c751e8b465ee728b)
Start importing Assets/bossObject.prefab using Guid(b66380b851e800a4b8f56484db350c7a) Importer(815301076,1909f56bfc062723c751e8b465ee728b)  -> (artifact id: '107ec4e1123febd284bb78bb71d26542') in 0.030676 seconds 
  Import took 0.036369 seconds .

========================================================================
Received Import Request.
  Time since last request: 0.000474 seconds.
  path: Assets/Explode_02.mp3
  artifactKey: Guid(d7550df87e06fba479f77c93f02e5a58) Importer(815301076,1909f56bfc062723c751e8b465ee728b)
Start importing Assets/Explode_02.mp3 using Guid(d7550df87e06fba479f77c93f02e5a58) Importer(815301076,1909f56bfc062723c751e8b465ee728b)  -> (artifact id: '5236d94372c9c8701f2141e4937b4dcb') in 0.026106 seconds 
  Import took 0.033171 seconds .

========================================================================
Received Import Request.
  Time since last request: 0.000335 seconds.
  path: Assets/trump.png
  artifactKey: Guid(58c029743f033954ba14221b9d2065b9) Importer(815301076,1909f56bfc062723c751e8b465ee728b)
Start importing Assets/trump.png using Guid(58c029743f033954ba14221b9d2065b9) Importer(815301076,1909f56bfc062723c751e8b465ee728b)  -> (artifact id: '900f6438af4b7596266f451729e15417') in 0.015628 seconds 
  Import took 0.020551 seconds .

========================================================================
Received Import Request.
  Time since last request: 0.000364 seconds.
  path: Assets/Laser.png
  artifactKey: Guid(d563a8facc273634f84329e771c91e27) Importer(815301076,1909f56bfc062723c751e8b465ee728b)
Start importing Assets/Laser.png using Guid(d563a8facc273634f84329e771c91e27) Importer(815301076,1909f56bfc062723c751e8b465ee728b)  -> (artifact id: '3bd9d624c97be4c1084ca0fb0f7502a7') in 0.051665 seconds 
  Import took 0.058042 seconds .

========================================================================
Received Import Request.
  Time since last request: 0.000501 seconds.
  path: Assets/boss.png
  artifactKey: Guid(c7e1884f27412744da878567f8f12bf3) Importer(815301076,1909f56bfc062723c751e8b465ee728b)
Start importing Assets/boss.png using Guid(c7e1884f27412744da878567f8f12bf3) Importer(815301076,1909f56bfc062723c751e8b465ee728b)  -> (artifact id: 'ffc19b952c69293ab386f98e20c1dec8') in 0.011518 seconds 
  Import took 0.016021 seconds .

========================================================================
Received Import Request.
  Time since last request: 0.000292 seconds.
  path: Assets/Aggressive1.wav
  artifactKey: Guid(f22c7df422ca6854aa49616e6124bc94) Importer(815301076,1909f56bfc062723c751e8b465ee728b)
Start importing Assets/Aggressive1.wav using Guid(f22c7df422ca6854aa49616e6124bc94) Importer(815301076,1909f56bfc062723c751e8b465ee728b)  -> (artifact id: '769de9a73932ce2adf959d2ca70c1eca') in 1.236085 seconds 
  Import took 1.245131 seconds .

========================================================================
Received Import Request.
  Time since last request: 0.000248 seconds.
  path: Assets/Explode_Object.prefab
  artifactKey: Guid(ae9b365174f792845bfd98fc29ef3e20) Importer(815301076,1909f56bfc062723c751e8b465ee728b)
Start importing Assets/Explode_Object.prefab using Guid(ae9b365174f792845bfd98fc29ef3e20) Importer(815301076,1909f56bfc062723c751e8b465ee728b)  -> (artifact id: '2ee6c73fe9dca0686510f6801071e09d') in 0.044914 seconds 
  Import took 0.048755 seconds .

========================================================================
Received Import Request.
  Time since last request: 0.000363 seconds.
  path: Assets/Explode.png
  artifactKey: Guid(2fec4c4f4c732dc458ed0e269e7a7ee0) Importer(815301076,1909f56bfc062723c751e8b465ee728b)
Start importing Assets/Explode.png using Guid(2fec4c4f4c732dc458ed0e269e7a7ee0) Importer(815301076,1909f56bfc062723c751e8b465ee728b)  -> (artifact id: '881f0b224fe8e0f6ae838b89ddaa4f89') in 0.038069 seconds 
  Import took 0.041422 seconds .

========================================================================
Received Import Request.
  Time since last request: 43.747430 seconds.
  path: Assets/GameFunction.cs
  artifactKey: Guid(77cd0cf2ad27acd438285eb4d271a21a) Importer(815301076,1909f56bfc062723c751e8b465ee728b)
Start importing Assets/GameFunction.cs using Guid(77cd0cf2ad27acd438285eb4d271a21a) Importer(815301076,1909f56bfc062723c751e8b465ee728b)  -> (artifact id: 'dedb0af3be752130dec458530a9bbbfe') in 0.413443 seconds 
  Import took 0.423729 seconds .

========================================================================
Received Import Request.
  Time since last request: 3.520170 seconds.
  path: Assets/Invader.cs
  artifactKey: Guid(4bb2cbfa93a28a842918b469701fd156) Importer(815301076,1909f56bfc062723c751e8b465ee728b)
Start importing Assets/Invader.cs using Guid(4bb2cbfa93a28a842918b469701fd156) Importer(815301076,1909f56bfc062723c751e8b465ee728b)  -> (artifact id: 'd5705c743d71f3ca727b60bccd344e32') in 0.002851 seconds 
  Import took 0.007509 seconds .

========================================================================
Received Import Request.
  Time since last request: 2.287595 seconds.
  path: Assets/Laser.cs
  artifactKey: Guid(7dd91bfba341a4f4997be6ebe8b1ea17) Importer(815301076,1909f56bfc062723c751e8b465ee728b)
Start importing Assets/Laser.cs using Guid(7dd91bfba341a4f4997be6ebe8b1ea17) Importer(815301076,1909f56bfc062723c751e8b465ee728b)  -> (artifact id: '65bd0ee2481ca088bf4662319420a59b') in 0.003042 seconds 
  Import took 0.008193 seconds .

AssetImportWorkerClient::OnTransportError - code=2 error=End of file
